2019-05-26 16:09:41 DEBUG                       App - Started processing ../04_final/
2019-05-26 16:09:41 DEBUG             FileProcessor - Processing file : /Users/vivek/CodeRepo/go-workspace/src/gitlab.pegasus.ae/ind/z100/PKT/test/java/../03_processed/test.pcap/test.pcap_0.pcap.meta
2019-05-26 16:09:42 DEBUG                       App - Loading intermediate files.
2019-05-26 16:09:42 DEBUG         SessionSerializer - Loading : /Users/vivek/CodeRepo/go-workspace/src/gitlab.pegasus.ae/ind/z100/PKT/test/java/../04_final/test.pcap_0.pcap.meta.intermediate
2019-05-26 16:09:42 DEBUG                       App - Total number of sessions : 2100
2019-05-26 16:09:42 DEBUG                       App - Sanitizing sessions
2019-05-26 16:09:42 DEBUG          SessionSanitizer - Sanitizing TCP Sesssions
2019-05-26 16:09:42 DEBUG          SessionSanitizer - Session Sanitization : Correct Session -> 756 , Fixed Session -> 296 , Estimated Session -> 1052
2019-05-26 16:09:42 DEBUG          SessionSanitizer - Sanitizing UDP Sesssions
2019-05-26 16:09:42 DEBUG          SessionSanitizer - Session Sanitization : Correct Session -> 489 , Fixed Session -> 4 , Estimated Session -> 493
2019-05-26 16:09:42 DEBUG                       App - Starting device classification.
2019-05-26 16:09:42 DEBUG                       App - Clearing packet records.
2019-05-26 16:09:42 DEBUG                       App - Enriching internal radius data.
2019-05-26 16:09:42 DEBUG          RadiusEnrichment - Total sessions enriched : 0
2019-05-26 16:09:42 DEBUG                       App - Loading Geolocation Data.
2019-05-26 16:10:10 DEBUG                       App - Enriching Geolocation Data.
2019-05-26 16:10:11 DEBUG                       App - Evaluating geolocation.
2019-05-26 16:10:11 DEBUG          SessionContainer - Total TCP Sessions                               : 1605
2019-05-26 16:10:11 DEBUG          SessionContainer - Sessions with 'High' device detection accuracy   : 324
2019-05-26 16:10:11 DEBUG          SessionContainer - Sessions with 'Medium' device detection accuracy : 288
2019-05-26 16:10:11 DEBUG          SessionContainer - Sessions with 'Low' device detection accuracy    : 294
2019-05-26 16:10:11 DEBUG          SessionContainer - Sessions without any device detected             : 699
2019-05-26 16:10:11 DEBUG          SessionContainer - Sessions with start detected                     : 545
2019-05-26 16:10:11 DEBUG          SessionContainer - Sessions with start estimated                    : 1052
2019-05-26 16:10:11 DEBUG          SessionContainer - Sessions without start known                     : 8
2019-05-26 16:10:11 DEBUG                       App - Generating output.
2019-05-26 16:10:11 DEBUG                       App - Process Finished.
2019-05-26 16:12:07 DEBUG                       App - Started processing ../04_final/
2019-05-26 16:12:07 DEBUG             FileProcessor - Processing file : /Users/vivek/CodeRepo/go-workspace/src/gitlab.pegasus.ae/ind/z100/PKT/test/java/../03_processed/test.pcap/test.pcap_0.pcap.meta
2019-05-26 16:12:08 DEBUG                       App - Loading intermediate files.
2019-05-26 16:12:08 DEBUG         SessionSerializer - Loading : /Users/vivek/CodeRepo/go-workspace/src/gitlab.pegasus.ae/ind/z100/PKT/test/java/../04_final/test.pcap_0.pcap.meta.intermediate
2019-05-26 16:12:08 DEBUG                       App - Total number of sessions : 2100
2019-05-26 16:12:08 DEBUG                       App - Sanitizing sessions
2019-05-26 16:12:08 DEBUG          SessionSanitizer - Sanitizing TCP Sesssions
2019-05-26 16:12:08 DEBUG          SessionSanitizer - Session Sanitization : Correct Session -> 756 , Fixed Session -> 296 , Estimated Session -> 1052
2019-05-26 16:12:08 DEBUG          SessionSanitizer - Sanitizing UDP Sesssions
2019-05-26 16:12:08 DEBUG          SessionSanitizer - Session Sanitization : Correct Session -> 489 , Fixed Session -> 4 , Estimated Session -> 493
2019-05-26 16:12:08 DEBUG                       App - Starting device classification.
2019-05-26 16:12:08 DEBUG                       App - Clearing packet records.
2019-05-26 16:12:08 DEBUG                       App - Enriching internal radius data.
2019-05-26 16:12:08 DEBUG          RadiusEnrichment - Total sessions enriched : 0
2019-05-26 16:12:08 DEBUG                       App - Loading Geolocation Data.
2019-05-26 16:12:08 DEBUG                       App - Enriching Geolocation Data.
2019-05-26 16:12:08 DEBUG                       App - Evaluating geolocation.
2019-05-26 16:12:08 DEBUG          SessionContainer - Total TCP Sessions                               : 1605
2019-05-26 16:12:08 DEBUG          SessionContainer - Sessions with 'High' device detection accuracy   : 324
2019-05-26 16:12:08 DEBUG          SessionContainer - Sessions with 'Medium' device detection accuracy : 288
2019-05-26 16:12:08 DEBUG          SessionContainer - Sessions with 'Low' device detection accuracy    : 294
2019-05-26 16:12:08 DEBUG          SessionContainer - Sessions without any device detected             : 699
2019-05-26 16:12:08 DEBUG          SessionContainer - Sessions with start detected                     : 545
2019-05-26 16:12:08 DEBUG          SessionContainer - Sessions with start estimated                    : 1052
2019-05-26 16:12:08 DEBUG          SessionContainer - Sessions without start known                     : 8
2019-05-26 16:12:08 DEBUG                       App - Generating output.
2019-05-26 16:12:08 DEBUG                       App - Process Finished.
2019-05-26 16:12:43 DEBUG                       App - Started processing ../04_final/
2019-05-26 16:12:43 DEBUG             FileProcessor - Processing file : /Users/vivek/CodeRepo/go-workspace/src/gitlab.pegasus.ae/ind/z100/PKT/test/java/../03_processed/test.pcap/test.pcap_0.pcap.meta
2019-05-26 16:12:44 DEBUG                       App - Loading intermediate files.
2019-05-26 16:12:44 DEBUG         SessionSerializer - Loading : /Users/vivek/CodeRepo/go-workspace/src/gitlab.pegasus.ae/ind/z100/PKT/test/java/../04_final/test.pcap_0.pcap.meta.intermediate
2019-05-26 16:12:44 DEBUG                       App - Total number of sessions : 2100
2019-05-26 16:12:44 DEBUG                       App - Sanitizing sessions
2019-05-26 16:12:44 DEBUG          SessionSanitizer - Sanitizing TCP Sesssions
2019-05-26 16:12:44 DEBUG          SessionSanitizer - Session Sanitization : Correct Session -> 756 , Fixed Session -> 296 , Estimated Session -> 1052
2019-05-26 16:12:44 DEBUG          SessionSanitizer - Sanitizing UDP Sesssions
2019-05-26 16:12:44 DEBUG          SessionSanitizer - Session Sanitization : Correct Session -> 489 , Fixed Session -> 4 , Estimated Session -> 493
2019-05-26 16:12:44 DEBUG                       App - Starting device classification.
2019-05-26 16:12:44 DEBUG                       App - Clearing packet records.
2019-05-26 16:12:44 DEBUG                       App - Enriching internal radius data.
2019-05-26 16:12:44 DEBUG          RadiusEnrichment - Total sessions enriched : 0
2019-05-26 16:12:44 DEBUG                       App - Loading Geolocation Data.
2019-05-26 16:13:11 DEBUG                       App - Enriching Geolocation Data.
2019-05-26 16:13:12 DEBUG                       App - Evaluating geolocation.
2019-05-26 16:13:12 DEBUG          SessionContainer - Total TCP Sessions                               : 1605
2019-05-26 16:13:12 DEBUG          SessionContainer - Sessions with 'High' device detection accuracy   : 324
2019-05-26 16:13:12 DEBUG          SessionContainer - Sessions with 'Medium' device detection accuracy : 288
2019-05-26 16:13:12 DEBUG          SessionContainer - Sessions with 'Low' device detection accuracy    : 294
2019-05-26 16:13:12 DEBUG          SessionContainer - Sessions without any device detected             : 699
2019-05-26 16:13:12 DEBUG          SessionContainer - Sessions with start detected                     : 545
2019-05-26 16:13:12 DEBUG          SessionContainer - Sessions with start estimated                    : 1052
2019-05-26 16:13:12 DEBUG          SessionContainer - Sessions without start known                     : 8
2019-05-26 16:13:12 DEBUG                       App - Generating output.
2019-05-26 16:13:12 DEBUG                       App - Process Finished.
2019-05-27 10:31:16 DEBUG                       App - Started processing ../04_final/
2019-05-27 10:31:16 DEBUG             FileProcessor - Processing file : /Users/vivek/CodeRepo/go-workspace/src/gitlab.pegasus.ae/ind/z100/PKT/test/java/../03_processed/test.pcap/test.pcap_0.pcap.meta
2019-05-27 10:31:17 DEBUG                       App - Loading intermediate files.
2019-05-27 10:31:17 DEBUG         SessionSerializer - Loading : /Users/vivek/CodeRepo/go-workspace/src/gitlab.pegasus.ae/ind/z100/PKT/test/java/../04_final/test.pcap_0.pcap.meta.intermediate
2019-05-27 10:31:18 DEBUG                       App - Total number of sessions : 2100
2019-05-27 10:31:18 DEBUG                       App - Sanitizing sessions
2019-05-27 10:31:18 DEBUG          SessionSanitizer - Sanitizing TCP Sesssions
2019-05-27 10:31:18 DEBUG          SessionSanitizer - Session Sanitization : Correct Session -> 756 , Fixed Session -> 296 , Estimated Session -> 1052
2019-05-27 10:31:18 DEBUG          SessionSanitizer - Sanitizing UDP Sesssions
2019-05-27 10:31:18 DEBUG          SessionSanitizer - Session Sanitization : Correct Session -> 489 , Fixed Session -> 4 , Estimated Session -> 493
2019-05-27 10:31:18 DEBUG                       App - Starting device classification.
2019-05-27 10:31:18 DEBUG                       App - Clearing packet records.
2019-05-27 10:31:18 DEBUG                       App - Enriching internal radius data.
2019-05-27 10:31:18 DEBUG          RadiusEnrichment - Total sessions enriched : 0
2019-05-27 10:31:18 DEBUG                       App - Loading Geolocation Data.
2019-05-27 10:31:43 DEBUG                       App - Enriching Geolocation Data.
2019-05-27 10:31:44 DEBUG                       App - Evaluating geolocation.
2019-05-27 10:31:44 DEBUG          SessionContainer - Total TCP Sessions                               : 1605
2019-05-27 10:31:44 DEBUG          SessionContainer - Sessions with 'High' device detection accuracy   : 324
2019-05-27 10:31:44 DEBUG          SessionContainer - Sessions with 'Medium' device detection accuracy : 288
2019-05-27 10:31:44 DEBUG          SessionContainer - Sessions with 'Low' device detection accuracy    : 294
2019-05-27 10:31:44 DEBUG          SessionContainer - Sessions without any device detected             : 699
2019-05-27 10:31:44 DEBUG          SessionContainer - Sessions with start detected                     : 545
2019-05-27 10:31:44 DEBUG          SessionContainer - Sessions with start estimated                    : 1052
2019-05-27 10:31:44 DEBUG          SessionContainer - Sessions without start known                     : 8
2019-05-27 10:31:44 DEBUG                       App - Generating output.
2019-05-27 10:31:44 DEBUG                       App - Process Finished.
2020-06-06 15:45:49 DEBUG                       App - Started processing null
2020-06-06 15:45:49 DEBUG             FileProcessor - Processing file : /Users/yogesh/Work/Data/output/h323.pcap/h323.pcap_0.pcap.meta
2020-06-06 15:45:49 DEBUG                       App - Loading intermediate files.
2020-06-06 15:45:49 DEBUG         SessionSerializer - Loading : /Users/yogesh/Work/Code/PKT/test/java/./output/intermediate/h323.pcap_0.pcap.meta.intermediate
2020-06-06 15:45:49 DEBUG                       App - Total number of sessions : 0
2020-06-06 15:45:49 DEBUG                       App - Sanitizing sessions
2020-06-06 15:45:49 DEBUG          SessionSanitizer - Sanitizing TCP Sesssions
2020-06-06 15:45:49 DEBUG          SessionSanitizer - Session Sanitization : Correct Session -> 0 , Fixed Session -> 0 , Estimated Session -> 0
2020-06-06 15:45:49 DEBUG          SessionSanitizer - Sanitizing UDP Sesssions
2020-06-06 15:45:49 DEBUG          SessionSanitizer - Session Sanitization : Correct Session -> 0 , Fixed Session -> 0 , Estimated Session -> 0
2020-06-06 15:45:49 DEBUG                       App - Starting device classification.
2020-06-06 15:45:49 DEBUG                       App - Clearing packet records.
2020-06-06 15:45:49 DEBUG                       App - Enriching internal radius data.
2020-06-06 15:45:49 DEBUG          RadiusEnrichment - Total sessions enriched : 0
2020-06-06 15:45:49 DEBUG                       App - Loading Geolocation Data.
2020-06-06 15:45:57 DEBUG                       App - Enriching Geolocation Data.
2020-06-06 15:45:59 DEBUG                       App - Evaluating geolocation.
2020-06-06 15:45:59 DEBUG          SessionContainer - Total TCP Sessions                               : 0
2020-06-06 15:45:59 DEBUG          SessionContainer - Sessions with 'High' device detection accuracy   : 0
2020-06-06 15:45:59 DEBUG          SessionContainer - Sessions with 'Medium' device detection accuracy : 0
2020-06-06 15:45:59 DEBUG          SessionContainer - Sessions with 'Low' device detection accuracy    : 0
2020-06-06 15:45:59 DEBUG          SessionContainer - Sessions without any device detected             : 0
2020-06-06 15:45:59 DEBUG          SessionContainer - Sessions with start detected                     : 0
2020-06-06 15:45:59 DEBUG          SessionContainer - Sessions with start estimated                    : 0
2020-06-06 15:45:59 DEBUG          SessionContainer - Sessions without start known                     : 0
2020-06-06 15:45:59 DEBUG                       App - Generating output.
2020-06-06 15:45:59 DEBUG                       App - Process Finished.
2020-06-06 15:46:32 DEBUG                       App - Started processing null
2020-06-06 15:46:32 DEBUG             FileProcessor - Processing file : /Users/yogesh/Work/Data/output/h323.pcap/h323.pcap_0.pcap.meta
2020-06-06 15:46:32 DEBUG                       App - Loading intermediate files.
2020-06-06 15:46:32 DEBUG         SessionSerializer - Loading : /Users/yogesh/Work/Code/PKT/test/java/./output/intermediate/h323.pcap_0.pcap.meta.intermediate
2020-06-06 15:46:32 DEBUG                       App - Total number of sessions : 0
2020-06-06 15:46:32 DEBUG                       App - Sanitizing sessions
2020-06-06 15:46:32 DEBUG          SessionSanitizer - Sanitizing TCP Sesssions
2020-06-06 15:46:32 DEBUG          SessionSanitizer - Session Sanitization : Correct Session -> 0 , Fixed Session -> 0 , Estimated Session -> 0
2020-06-06 15:46:32 DEBUG          SessionSanitizer - Sanitizing UDP Sesssions
2020-06-06 15:46:32 DEBUG          SessionSanitizer - Session Sanitization : Correct Session -> 0 , Fixed Session -> 0 , Estimated Session -> 0
2020-06-06 15:46:32 DEBUG                       App - Starting device classification.
2020-06-06 15:46:32 DEBUG                       App - Generating debug image files.
2020-06-06 15:46:32 DEBUG                       App - Clearing packet records.
2020-06-06 15:46:32 DEBUG                       App - Enriching internal radius data.
2020-06-06 15:46:32 DEBUG          RadiusEnrichment - Total sessions enriched : 0
2020-06-06 15:46:32 DEBUG                       App - Loading Geolocation Data.
2020-06-06 15:46:40 DEBUG                       App - Enriching Geolocation Data.
2020-06-06 15:46:40 DEBUG                       App - Evaluating geolocation.
2020-06-06 15:46:40 DEBUG          SessionContainer - Total TCP Sessions                               : 0
2020-06-06 15:46:40 DEBUG          SessionContainer - Sessions with 'High' device detection accuracy   : 0
2020-06-06 15:46:40 DEBUG          SessionContainer - Sessions with 'Medium' device detection accuracy : 0
2020-06-06 15:46:40 DEBUG          SessionContainer - Sessions with 'Low' device detection accuracy    : 0
2020-06-06 15:46:40 DEBUG          SessionContainer - Sessions without any device detected             : 0
2020-06-06 15:46:40 DEBUG          SessionContainer - Sessions with start detected                     : 0
2020-06-06 15:46:40 DEBUG          SessionContainer - Sessions with start estimated                    : 0
2020-06-06 15:46:40 DEBUG          SessionContainer - Sessions without start known                     : 0
2020-06-06 15:46:40 DEBUG                       App - Generating output.
2020-06-06 15:46:40 DEBUG                       App - Process Finished.
